SF:lib/open_meteo_api.dart
DA:8,2
LF:1
LH:1
end_of_record
SF:lib/src/models/location.dart
DA:7,2
DA:14,2
DA:15,2
LF:3
LH:3
end_of_record
SF:lib/src/models/location.g.dart
DA:11,4
DA:14,2
DA:15,2
DA:16,6
DA:17,4
DA:18,6
DA:19,6
LF:7
LH:7
end_of_record
SF:lib/src/open_meteo_api_client.dart
DA:27,1
DA:28,1
DA:36,1
DA:37,1
DA:40,1
DA:43,2
DA:45,2
DA:46,1
DA:49,2
DA:51,2
DA:53,1
DA:55,2
DA:57,2
DA:61,1
DA:65,2
DA:66,1
DA:67,1
DA:71,2
DA:73,2
DA:74,1
DA:77,2
DA:79,1
DA:80,1
DA:83,1
DA:85,1
LF:25
LH:25
end_of_record
SF:lib/src/models/weather.dart
DA:7,2
DA:9,2
DA:10,2
LF:3
LH:3
end_of_record
SF:lib/src/models/weather.g.dart
DA:11,4
DA:14,2
DA:15,2
DA:17,6
DA:19,6
LF:5
LH:5
end_of_record
